<?xml version="1.0" encoding="UTF-8"?>
<testng-results skipped="0" failed="0" ignored="0" total="0" passed="0">
  <reporter-output>
  </reporter-output>
  <suite name="com.durgasoft.Selenium_Maven.AppTest" duration-ms="12" started-at="2019-03-19T05:45:56Z" finished-at="2019-03-19T05:45:56Z">
    <groups>
    </groups>
    <test name="Command line test" duration-ms="12" started-at="2019-03-19T05:45:56Z" finished-at="2019-03-19T05:45:56Z">
    </test> <!-- Command line test -->
  </suite> <!-- com.durgasoft.Selenium_Maven.AppTest -->
</testng-results>
