<?xml version="1.0" encoding="UTF-8"?>
<testng-results skipped="0" failed="0" ignored="0" total="1" passed="1">
  <reporter-output>
  </reporter-output>
  <suite name="Default suite" duration-ms="68274" started-at="2019-04-04T06:37:22Z" finished-at="2019-04-04T06:38:31Z">
    <groups>
    </groups>
    <test name="Default test" duration-ms="68274" started-at="2019-04-04T06:37:22Z" finished-at="2019-04-04T06:38:31Z">
      <class name="com.durgasoft.testNG.DynamicWebCalender">
        <test-method status="PASS" signature="beforeTest()[pri:0, instance:com.durgasoft.testNG.DynamicWebCalender@5ed828d]" name="beforeTest" is-config="true" duration-ms="19395" started-at="2019-04-04T06:37:22Z" finished-at="2019-04-04T06:37:42Z">
          <reporter-output>
          </reporter-output>
        </test-method> <!-- beforeTest -->
        <test-method status="PASS" signature="f()[pri:0, instance:com.durgasoft.testNG.DynamicWebCalender@5ed828d]" name="f" duration-ms="48798" started-at="2019-04-04T06:37:42Z" finished-at="2019-04-04T06:38:31Z">
          <reporter-output>
          </reporter-output>
        </test-method> <!-- f -->
      </class> <!-- com.durgasoft.testNG.DynamicWebCalender -->
    </test> <!-- Default test -->
  </suite> <!-- Default suite -->
</testng-results>
